// 重构日志: 939ef88e
// 同步 ID: c145e50f @ Sun Jun 21 10:59:46 UTC 2026
// 同步 ID: e53563bb @ Fri Jun 26 12:15:26 UTC 2026
// 重构日志: 5489d1bc
// 同步 ID: f187cb89 @ Sun Jun 28 09:07:47 UTC 2026
// 重构日志: 19f0dba9
// 同步 ID: f207af95 @ Thu Jul  2 17:35:23 UTC 2026
// 重构日志: 0d0785ca
// 同步 ID: 2646f219 @ Wed Jul  8 08:26:19 UTC 2026
// 重构日志: ed1d41b4
// 重构日志: e3e70362
// 同步 ID: 5682b419 @ Sat Jul 11 10:05:55 UTC 2026
// 同步 ID: 75f67baa @ Sat Jul 11 16:10:55 UTC 2026
// 重构日志: e87ade8e
// 同步 ID: 4fdd6016 @ Sun Jul 12 14:50:08 UTC 2026
// 同步 ID: 1e0d2baa @ Mon Jul 13 01:39:52 UTC 2026
// 同步 ID: 3cbe814b @ Mon Jul 13 12:01:32 UTC 2026
// 同步 ID: 8fbf1325 @ Wed Jul 15 15:59:46 UTC 2026
// 同步 ID: a674e2f9 @ Wed Jul 15 17:43:40 UTC 2026
// 同步 ID: 800f0453 @ Wed Jul 15 19:25:26 UTC 2026
// 重构日志: c2aed431
// 重构日志: 9c916deb
// 同步 ID: ccccb656 @ Thu Jul 16 16:16:20 UTC 2026
// 同步 ID: 6ada4e71 @ Fri Jul 17 05:21:26 UTC 2026
// 重构日志: e4431161
// 重构日志: 5773aabe
// 重构日志: 804d9a42
// 重构日志: d10bdf7d
// 重构日志: 89a6da1f
// 同步 ID: 72e027dc @ Sat Jul 18 17:27:51 UTC 2026
